# JRE version: Java(TM) SE Runtime Environment (8.0_151-b12) (build 1.8.0_151-b12)
# Java VM: Java HotSpot(TM) 64-Bit Server VM (25.151-b12 mixed mode windows-amd64 compressed oops)
Heap:
 PSYoungGen      total 247296K, used 196666K [0x00000000d5c00000, 0x00000000edc80000, 0x0000000100000000)
  eden space 222720K, 88% used [0x00000000d5c00000,0x00000000e1b9a418,0x00000000e3580000)
  from space 24576K, 1% used [0x00000000e3580000,0x00000000e35f4728,0x00000000e4d80000)
  to   space 37888K, 0% used [0x00000000eb780000,0x00000000eb780000,0x00000000edc80000)
 ParOldGen       total 128000K, used 56903K [0x0000000081400000, 0x0000000089100000, 0x00000000d5c00000)
  object space 128000K, 44% used [0x0000000081400000,0x0000000084b91cc8,0x0000000089100000)
 Metaspace       used 30152K, capacity 30748K, committed 30848K, reserved 1077248K
  class space    used 3473K, capacity 3682K, committed 3712K, reserved 1048576K
GC Heap History (10 events):
Event: 3.483 GC heap before
{Heap before GC invocations=7 (full 1):
 PSYoungGen      total 144896K, used 5128K [0x00000000d5c00000, 0x00000000df500000, 0x0000000100000000)
  eden space 133120K, 0% used [0x00000000d5c00000,0x00000000d5c00000,0x00000000dde00000)
  from space 11776K, 43% used [0x00000000de980000,0x00000000dee82040,0x00000000df500000)
  to   space 11776K, 0% used [0x00000000dde00000,0x00000000dde00000,0x00000000de980000)
 ParOldGen       total 87552K, used 13477K [0x0000000081400000, 0x0000000086980000, 0x00000000d5c00000)
  object space 87552K, 15% used [0x0000000081400000,0x0000000082129490,0x0000000086980000)
 Metaspace       used 20654K, capacity 21114K, committed 21296K, reserved 1069056K
  class space    used 2496K, capacity 2657K, committed 2688K, reserved 1048576K
Event: 3.566 GC heap after
Heap after GC invocations=7 (full 1):
 PSYoungGen      total 144896K, used 0K [0x00000000d5c00000, 0x00000000df500000, 0x0000000100000000)
  eden space 133120K, 0% used [0x00000000d5c00000,0x00000000d5c00000,0x00000000dde00000)
  from space 11776K, 0% used [0x00000000de980000,0x00000000de980000,0x00000000df500000)
  to   space 11776K, 0% used [0x00000000dde00000,0x00000000dde00000,0x00000000de980000)
 ParOldGen       total 57344K, used 10075K [0x0000000081400000, 0x0000000084c00000, 0x00000000d5c00000)
  object space 57344K, 17% used [0x0000000081400000,0x0000000081dd6e38,0x0000000084c00000)
 Metaspace       used 20654K, capacity 21114K, committed 21296K, reserved 1069056K
  class space    used 2496K, capacity 2657K, committed 2688K, reserved 1048576K
}
Event: 6.137 GC heap before
{Heap before GC invocations=8 (full 1):
 PSYoungGen      total 144896K, used 133120K [0x00000000d5c00000, 0x00000000df500000, 0x0000000100000000)
  eden space 133120K, 100% used [0x00000000d5c00000,0x00000000dde00000,0x00000000dde00000)
  from space 11776K, 0% used [0x00000000de980000,0x00000000de980000,0x00000000df500000)
  to   space 11776K, 0% used [0x00000000dde00000,0x00000000dde00000,0x00000000de980000)
 ParOldGen       total 57344K, used 10075K [0x0000000081400000, 0x0000000084c00000, 0x00000000d5c00000)
  object space 57344K, 17% used [0x0000000081400000,0x0000000081dd6e38,0x0000000084c00000)
 Metaspace       used 28794K, capacity 29410K, committed 29696K, reserved 1075200K
  class space    used 3320K, capacity 3517K, committed 3584K, reserved 1048576K
Event: 6.160 GC heap after
Heap after GC invocations=8 (full 1):
 PSYoungGen      total 144896K, used 11760K [0x00000000d5c00000, 0x00000000e5d80000, 0x0000000100000000)
  eden space 133120K, 0% used [0x00000000d5c00000,0x00000000d5c00000,0x00000000dde00000)
  from space 11776K, 99% used [0x00000000dde00000,0x00000000de97c348,0x00000000de980000)
  to   space 16384K, 0% used [0x00000000e4d80000,0x00000000e4d80000,0x00000000e5d80000)
 ParOldGen       total 57344K, used 15911K [0x0000000081400000, 0x0000000084c00000, 0x00000000d5c00000)
  object space 57344K, 27% used [0x0000000081400000,0x0000000082389f10,0x0000000084c00000)
 Metaspace       used 28794K, capacity 29410K, committed 29696K, reserved 1075200K
  class space    used 3320K, capacity 3517K, committed 3584K, reserved 1048576K
}
Event: 7.140 GC heap before
{Heap before GC invocations=9 (full 1):
 PSYoungGen      total 144896K, used 144880K [0x00000000d5c00000, 0x00000000e5d80000, 0x0000000100000000)
  eden space 133120K, 100% used [0x00000000d5c00000,0x00000000dde00000,0x00000000dde00000)
  from space 11776K, 99% used [0x00000000dde00000,0x00000000de97c348,0x00000000de980000)
  to   space 16384K, 0% used [0x00000000e4d80000,0x00000000e4d80000,0x00000000e5d80000)
 ParOldGen       total 57344K, used 15911K [0x0000000081400000, 0x0000000084c00000, 0x00000000d5c00000)
  object space 57344K, 27% used [0x0000000081400000,0x0000000082389f10,0x0000000084c00000)
 Metaspace       used 30101K, capacity 30734K, committed 30848K, reserved 1077248K
  class space    used 3468K, capacity 3680K, committed 3712K, reserved 1048576K
Event: 7.183 GC heap after
Heap after GC invocations=9 (full 1):
 PSYoungGen      total 239104K, used 16376K [0x00000000d5c00000, 0x00000000e6b80000, 0x0000000100000000)
  eden space 222720K, 0% used [0x00000000d5c00000,0x00000000d5c00000,0x00000000e3580000)
  from space 16384K, 99% used [0x00000000e4d80000,0x00000000e5d7e230,0x00000000e5d80000)
  to   space 24576K, 0% used [0x00000000e3580000,0x00000000e3580000,0x00000000e4d80000)
 ParOldGen       total 57344K, used 29602K [0x0000000081400000, 0x0000000084c00000, 0x00000000d5c00000)
  object space 57344K, 51% used [0x0000000081400000,0x00000000830e89e0,0x0000000084c00000)
 Metaspace       used 30101K, capacity 30734K, committed 30848K, reserved 1077248K
  class space    used 3468K, capacity 3680K, committed 3712K, reserved 1048576K
}
Event: 8.198 GC heap before
{Heap before GC invocations=10 (full 1):
 PSYoungGen      total 239104K, used 239096K [0x00000000d5c00000, 0x00000000e6b80000, 0x0000000100000000)
  eden space 222720K, 100% used [0x00000000d5c00000,0x00000000e3580000,0x00000000e3580000)
  from space 16384K, 99% used [0x00000000e4d80000,0x00000000e5d7e230,0x00000000e5d80000)
  to   space 24576K, 0% used [0x00000000e3580000,0x00000000e3580000,0x00000000e4d80000)
 ParOldGen       total 57344K, used 29602K [0x0000000081400000, 0x0000000084c00000, 0x00000000d5c00000)
  object space 57344K, 51% used [0x0000000081400000,0x00000000830e89e0,0x0000000084c00000)
 Metaspace       used 30110K, capacity 30734K, committed 30848K, reserved 1077248K
  class space    used 3468K, capacity 3680K, committed 3712K, reserved 1048576K
Event: 8.255 GC heap after
Heap after GC invocations=10 (full 1):
 PSYoungGen      total 247296K, used 24569K [0x00000000d5c00000, 0x00000000edc80000, 0x0000000100000000)
  eden space 222720K, 0% used [0x00000000d5c00000,0x00000000d5c00000,0x00000000e3580000)
  from space 24576K, 99% used [0x00000000e3580000,0x00000000e4d7e7c0,0x00000000e4d80000)
  to   space 37888K, 0% used [0x00000000eb780000,0x00000000eb780000,0x00000000edc80000)
 ParOldGen       total 57344K, used 52383K [0x0000000081400000, 0x0000000084c00000, 0x00000000d5c00000)
  object space 57344K, 91% used [0x0000000081400000,0x0000000084727f30,0x0000000084c00000)
 Metaspace       used 30110K, capacity 30734K, committed 30848K, reserved 1077248K
  class space    used 3468K, capacity 3680K, committed 3712K, reserved 1048576K
}
Event: 8.255 GC heap before
{Heap before GC invocations=11 (full 2):
 PSYoungGen      total 247296K, used 24569K [0x00000000d5c00000, 0x00000000edc80000, 0x0000000100000000)
  eden space 222720K, 0% used [0x00000000d5c00000,0x00000000d5c00000,0x00000000e3580000)
  from space 24576K, 99% used [0x00000000e3580000,0x00000000e4d7e7c0,0x00000000e4d80000)
  to   space 37888K, 0% used [0x00000000eb780000,0x00000000eb780000,0x00000000edc80000)
 ParOldGen       total 57344K, used 52383K [0x0000000081400000, 0x0000000084c00000, 0x00000000d5c00000)
  object space 57344K, 91% used [0x0000000081400000,0x0000000084727f30,0x0000000084c00000)
 Metaspace       used 30110K, capacity 30734K, committed 30848K, reserved 1077248K
  class space    used 3468K, capacity 3680K, committed 3712K, reserved 1048576K
Event: 8.573 GC heap after
Heap after GC invocations=11 (full 2):
 PSYoungGen      total 247296K, used 465K [0x00000000d5c00000, 0x00000000edc80000, 0x0000000100000000)
  eden space 222720K, 0% used [0x00000000d5c00000,0x00000000d5c00000,0x00000000e3580000)
  from space 24576K, 1% used [0x00000000e3580000,0x00000000e35f4728,0x00000000e4d80000)
  to   space 37888K, 0% used [0x00000000eb780000,0x00000000eb780000,0x00000000edc80000)
 ParOldGen       total 128000K, used 56903K [0x0000000081400000, 0x0000000089100000, 0x00000000d5c00000)
  object space 128000K, 44% used [0x0000000081400000,0x0000000084b91cc8,0x0000000089100000)
 Metaspace       used 30110K, capacity 30734K, committed 30848K, reserved 1077248K
  class space    used 3468K, capacity 3680K, committed 3712K, reserved 1048576K
}

